gin_server - 2021/01/02 - 13:42:27.823	DEBUG	d:/golang專案/VueGinRefactor/Utils/logFormat/logFormat.go:11	entity	{"entity": {"code":200,"msg":"添加成功:&{9ef51286-4bb0-4df3-b663-a81e9849d275 inputBanner6 redirectUrlTEST 1 addUser admin}","total":0,"totalPage":0,"data":null}}
gin_server - 2021/01/02 - 13:42:27.824	INFO	d:/golang專案/VueGinRefactor/handler/banner/banner_handler_test.go:83	Test Success: /api/banner/add	{"test_result": "success"}
gin_server - 2021/01/02 - 13:42:27.826	DEBUG	d:/golang專案/VueGinRefactor/Utils/logFormat/logFormat.go:11	entity	{"entity": {"code":500,"msg":"傳入JSON錯誤: invalid character ',' looking for beginning of object key string","total":0,"totalPage":0,"data":null}}
gin_server - 2021/01/02 - 13:42:27.826	DEBUG	d:/golang專案/VueGinRefactor/handler/banner/banner_handler_test.go:133	Test Failed: /api/banner/add	{"test_result": "{\"entity\":{\"code\":500,\"msg\":\"傳入JSON錯誤: invalid character ',' looking for beginning of object key string\",\"total\":0,\"totalPage\":0,\"data\":null}}"}
gin_server - 2021/01/02 - 13:42:27.834	DEBUG	d:/golang專案/VueGinRefactor/Utils/logFormat/logFormat.go:11	entity	{"entity": {"code":500,"msg":"Add Error: add banner failed:Error 1062: Duplicate entry 'banner1' for key 'banner.url'","total":0,"totalPage":0,"data":null}}
gin_server - 2021/01/02 - 13:42:27.834	DEBUG	d:/golang專案/VueGinRefactor/handler/banner/banner_handler_test.go:133	Test Failed: /api/banner/add	{"test_result": "{\"entity\":{\"code\":500,\"msg\":\"Add Error: add banner failed:Error 1062: Duplicate entry 'banner1' for key 'banner.url'\",\"total\":0,\"totalPage\":0,\"data\":null}}"}
gin_server - 2021/01/02 - 13:42:27.840	DEBUG	d:/golang專案/VueGinRefactor/Utils/logFormat/logFormat.go:11	entity	{"entity": {"code":200,"msg":"OK","total":5,"totalPage":3,"data":[{"id":"7b28a319-8109-4d29-8aac-713d362f4ee7","key":"7b28a319-8109-4d29-8aac-713d362f4ee7","bannerId":"7b28a319-8109-4d29-8aac-713d362f4ee7","url":"banner1","redirectUrl":"www.google.com12","order":1},{"id":"9ef51286-4bb0-4df3-b663-a81e9849d275","key":"9ef51286-4bb0-4df3-b663-a81e9849d275","bannerId":"9ef51286-4bb0-4df3-b663-a81e9849d275","url":"inputBanner6","redirectUrl":"redirectUrlTEST","order":1},{"id":"3f4cea6f-4b56-4729-8d71-2b075a1f214e","key":"3f4cea6f-4b56-4729-8d71-2b075a1f214e","bannerId":"3f4cea6f-4b56-4729-8d71-2b075a1f214e","url":"banner2","redirectUrl":"ww.google.com","order":2},{"id":"5cace156-918d-43ce-a8c6-ec536ea6a98c","key":"5cace156-918d-43ce-a8c6-ec536ea6a98c","bannerId":"5cace156-918d-43ce-a8c6-ec536ea6a98c","url":"banner3","redirectUrl":"www.google.com3","order":3},{"id":"c88de249-1155-43e0-8f0d-7c920b908a5c","key":"c88de249-1155-43e0-8f0d-7c920b908a5c","bannerId":"c88de249-1155-43e0-8f0d-7c920b908a5c","url":"banner4","redirectUrl":"www.google.com4","order":4}]}}
gin_server - 2021/01/02 - 13:42:27.840	INFO	d:/golang專案/VueGinRefactor/handler/banner/banner_handler_test.go:168	Test Success: /api/banner/list	{"test_result": "success"}
gin_server - 2021/01/02 - 13:42:27.841	DEBUG	d:/golang專案/VueGinRefactor/Utils/logFormat/logFormat.go:11	entity	{"entity": {"code":200,"msg":"OK","total":5,"totalPage":1,"data":[{"id":"7b28a319-8109-4d29-8aac-713d362f4ee7","key":"7b28a319-8109-4d29-8aac-713d362f4ee7","bannerId":"7b28a319-8109-4d29-8aac-713d362f4ee7","url":"banner1","redirectUrl":"www.google.com12","order":1},{"id":"9ef51286-4bb0-4df3-b663-a81e9849d275","key":"9ef51286-4bb0-4df3-b663-a81e9849d275","bannerId":"9ef51286-4bb0-4df3-b663-a81e9849d275","url":"inputBanner6","redirectUrl":"redirectUrlTEST","order":1},{"id":"3f4cea6f-4b56-4729-8d71-2b075a1f214e","key":"3f4cea6f-4b56-4729-8d71-2b075a1f214e","bannerId":"3f4cea6f-4b56-4729-8d71-2b075a1f214e","url":"banner2","redirectUrl":"ww.google.com","order":2},{"id":"5cace156-918d-43ce-a8c6-ec536ea6a98c","key":"5cace156-918d-43ce-a8c6-ec536ea6a98c","bannerId":"5cace156-918d-43ce-a8c6-ec536ea6a98c","url":"banner3","redirectUrl":"www.google.com3","order":3},{"id":"c88de249-1155-43e0-8f0d-7c920b908a5c","key":"c88de249-1155-43e0-8f0d-7c920b908a5c","bannerId":"c88de249-1155-43e0-8f0d-7c920b908a5c","url":"banner4","redirectUrl":"www.google.com4","order":4}]}}
gin_server - 2021/01/02 - 13:42:27.842	INFO	d:/golang專案/VueGinRefactor/handler/banner/banner_handler_test.go:168	Test Success: /api/banner/list	{"test_result": "success"}
gin_server - 2021/01/02 - 13:42:27.844	DEBUG	d:/golang專案/VueGinRefactor/Utils/logFormat/logFormat.go:11	entity	{"entity": {"code":500,"msg":"傳入query錯誤: strconv.Atoi: parsing \"ffftttt\": invalid syntax","total":0,"totalPage":1,"data":null}}
gin_server - 2021/01/02 - 13:42:27.844	INFO	d:/golang專案/VueGinRefactor/handler/banner/banner_handler_test.go:202	Test Success: /api/banner/list (Error Case)	{"test_result": "success"}
gin_server - 2021/01/02 - 13:42:27.844	DEBUG	d:/golang專案/VueGinRefactor/Utils/logFormat/logFormat.go:11	entity	{"entity": {"code":500,"msg":"傳入query錯誤: strconv.Atoi: parsing \"sss\": invalid syntax","total":0,"totalPage":1,"data":null}}
gin_server - 2021/01/02 - 13:42:27.844	INFO	d:/golang專案/VueGinRefactor/handler/banner/banner_handler_test.go:202	Test Success: /api/banner/list (Error Case)	{"test_result": "success"}
gin_server - 2021/01/02 - 13:42:27.844	DEBUG	d:/golang專案/VueGinRefactor/Utils/logFormat/logFormat.go:11	entity	{"entity": {"code":500,"msg":"傳入query錯誤: strconv.Atoi: parsing \"sss\": invalid syntax","total":0,"totalPage":1,"data":null}}
gin_server - 2021/01/02 - 13:42:27.844	INFO	d:/golang專案/VueGinRefactor/handler/banner/banner_handler_test.go:202	Test Success: /api/banner/list (Error Case)	{"test_result": "success"}
gin_server - 2021/01/02 - 13:42:27.844	DEBUG	d:/golang專案/VueGinRefactor/Utils/logFormat/logFormat.go:11	entity	{"entity": {"code":500,"msg":"傳入query錯誤: strconv.Atoi: parsing \"fhgtrhtrh++23/\": invalid syntax","total":0,"totalPage":1,"data":null}}
gin_server - 2021/01/02 - 13:42:27.844	INFO	d:/golang專案/VueGinRefactor/handler/banner/banner_handler_test.go:202	Test Success: /api/banner/list (Error Case)	{"test_result": "success"}
gin_server - 2021/01/02 - 13:42:27.848	DEBUG	d:/golang專案/VueGinRefactor/Utils/logFormat/logFormat.go:11	entity	{"entity": {"code":200,"msg":"OK，查詢成功","total":0,"totalPage":0,"data":{"id":"9ef51286-4bb0-4df3-b663-a81e9849d275","key":"9ef51286-4bb0-4df3-b663-a81e9849d275","bannerId":"9ef51286-4bb0-4df3-b663-a81e9849d275","url":"inputBanner6","redirectUrl":"redirectUrlTEST","order":1}}}
gin_server - 2021/01/02 - 13:42:27.848	INFO	d:/golang專案/VueGinRefactor/handler/banner/banner_handler_test.go:248	Test Success: /api/banner/info?id= 	{"test_result": "success"}
gin_server - 2021/01/02 - 13:42:27.850	DEBUG	d:/golang專案/VueGinRefactor/Utils/logFormat/logFormat.go:11	entity	{"entity": {"code":500,"msg":"請傳入ID!!!","total":0,"totalPage":1,"data":null}}
gin_server - 2021/01/02 - 13:42:27.850	INFO	d:/golang專案/VueGinRefactor/handler/banner/banner_handler_test.go:285	Test Success: /api/banner/info?id=nil or err => error 	{"test_result": "success"}
gin_server - 2021/01/02 - 13:42:27.850	DEBUG	d:/golang專案/VueGinRefactor/Utils/logFormat/logFormat.go:11	entity	{"entity": {"code":500,"msg":"請傳入ID!!!","total":0,"totalPage":1,"data":null}}
gin_server - 2021/01/02 - 13:42:27.850	INFO	d:/golang專案/VueGinRefactor/handler/banner/banner_handler_test.go:285	Test Success: /api/banner/info?id=nil or err => error 	{"test_result": "success"}
gin_server - 2021/01/02 - 13:42:27.867	DEBUG	d:/golang專案/VueGinRefactor/Utils/logFormat/logFormat.go:11	entity	{"entity": {"code":200,"msg":"修改成功,id:9ef51286-4bb0-4df3-b663-a81e9849d275","total":0,"totalPage":0,"data":null}}
gin_server - 2021/01/02 - 13:42:27.868	INFO	d:/golang專案/VueGinRefactor/handler/banner/banner_handler_test.go:318	Test Success: /api/banner/edit 	{"test_result": "success"}
gin_server - 2021/01/02 - 13:42:27.870	DEBUG	d:/golang專案/VueGinRefactor/Utils/logFormat/logFormat.go:11	entity	{"entity": {"code":500,"msg":"傳入JSON錯誤: invalid character ',' looking for beginning of object key string","total":0,"totalPage":0,"data":null}}
gin_server - 2021/01/02 - 13:42:27.870	INFO	d:/golang專案/VueGinRefactor/handler/banner/banner_handler_test.go:352	Test Success: /api/banner/edit (Error Case) 	{"test_result": "success"}
gin_server - 2021/01/02 - 13:42:27.870	DEBUG	d:/golang專案/VueGinRefactor/Utils/logFormat/logFormat.go:11	entity	{"entity": {"code":500,"msg":"Edit Error: please input id","total":0,"totalPage":0,"data":null}}
gin_server - 2021/01/02 - 13:42:27.870	INFO	d:/golang專案/VueGinRefactor/handler/banner/banner_handler_test.go:352	Test Success: /api/banner/edit (Error Case) 	{"test_result": "success"}
gin_server - 2021/01/02 - 13:42:27.871	DEBUG	d:/golang專案/VueGinRefactor/Utils/logFormat/logFormat.go:11	entity	{"entity": {"code":200,"msg":"修改成功,id:testestest111111","total":0,"totalPage":0,"data":null}}
gin_server - 2021/01/02 - 13:42:27.871	DEBUG	d:/golang專案/VueGinRefactor/handler/banner/banner_handler_test.go:349	Test Failed:/api/banner/edit (Error Case)	{"test_result": 200}
gin_server - 2021/01/02 - 13:42:27.881	DEBUG	d:/golang專案/VueGinRefactor/Utils/logFormat/logFormat.go:11	entity	{"entity": {"code":200,"msg":"Response Ok","total":0,"totalPage":0,"data":null}}
gin_server - 2021/01/02 - 13:42:27.881	INFO	d:/golang專案/VueGinRefactor/handler/banner/banner_handler_test.go:376	Test Success: /api/banner/delete?id= 	{"test_result": "success"}
gin_server - 2021/01/02 - 13:42:27.884	DEBUG	d:/golang專案/VueGinRefactor/Utils/logFormat/logFormat.go:11	entity	{"entity": {"code":500,"msg":"Delete Error: invalid value","total":0,"totalPage":0,"data":null}}
gin_server - 2021/01/02 - 13:42:27.884	DEBUG	d:/golang專案/VueGinRefactor/handler/banner/banner_handler_test.go:413	Test Failed: /api/banner/delete?id= (Error Case)	{"test_result_code": 500}
gin_server - 2021/01/02 - 13:42:27.884	DEBUG	d:/golang專案/VueGinRefactor/Utils/logFormat/logFormat.go:11	entity	{"entity": {"code":500,"msg":"Delete Error: invalid value","total":0,"totalPage":0,"data":null}}
gin_server - 2021/01/02 - 13:42:27.884	DEBUG	d:/golang專案/VueGinRefactor/handler/banner/banner_handler_test.go:413	Test Failed: /api/banner/delete?id= (Error Case)	{"test_result_code": 500}
gin_server - 2021/01/02 - 13:42:27.885	DEBUG	d:/golang專案/VueGinRefactor/Utils/logFormat/logFormat.go:11	entity	{"entity": {"code":500,"msg":"Delete Error: invalid value","total":0,"totalPage":0,"data":null}}
gin_server - 2021/01/02 - 13:42:27.885	DEBUG	d:/golang專案/VueGinRefactor/handler/banner/banner_handler_test.go:413	Test Failed: /api/banner/delete?id= (Error Case)	{"test_result_code": 500}
gin_server - 2021/01/02 - 13:46:59.275	DEBUG	d:/golang專案/VueGinRefactor/Utils/logFormat/logFormat.go:11	entity	{"entity": {"code":200,"msg":"添加成功:&{4d478dc4-492d-4994-84d4-940bdd0a9ab6 inputBanner6 redirectUrlTEST 1 addUser admin}","total":0,"totalPage":0,"data":null}}
gin_server - 2021/01/02 - 13:46:59.275	INFO	d:/golang專案/VueGinRefactor/handler/banner/banner_handler_test.go:82	Test Success: /api/banner/add	{"test_result": "success"}
gin_server - 2021/01/02 - 13:47:03.888	DEBUG	d:/golang專案/VueGinRefactor/Utils/logFormat/logFormat.go:11	entity	{"entity": {"code":500,"msg":"傳入JSON錯誤: invalid character ',' looking for beginning of object key string","total":0,"totalPage":0,"data":null}}
gin_server - 2021/01/02 - 13:47:03.915	DEBUG	d:/golang專案/VueGinRefactor/handler/banner/banner_handler_test.go:132	Test Failed: /api/banner/add	{"test_result": "{\"entity\":{\"code\":500,\"msg\":\"傳入JSON錯誤: invalid character ',' looking for beginning of object key string\",\"total\":0,\"totalPage\":0,\"data\":null}}"}
gin_server - 2021/01/02 - 13:47:03.923	DEBUG	d:/golang專案/VueGinRefactor/Utils/logFormat/logFormat.go:11	entity	{"entity": {"code":500,"msg":"Add Error: add banner failed:Error 1062: Duplicate entry 'banner1' for key 'banner.url'","total":0,"totalPage":0,"data":null}}
gin_server - 2021/01/02 - 13:47:03.923	DEBUG	d:/golang專案/VueGinRefactor/handler/banner/banner_handler_test.go:132	Test Failed: /api/banner/add	{"test_result": "{\"entity\":{\"code\":500,\"msg\":\"Add Error: add banner failed:Error 1062: Duplicate entry 'banner1' for key 'banner.url'\",\"total\":0,\"totalPage\":0,\"data\":null}}"}
gin_server - 2021/01/02 - 13:47:09.476	DEBUG	d:/golang專案/VueGinRefactor/Utils/logFormat/logFormat.go:11	entity	{"entity": {"code":200,"msg":"OK","total":5,"totalPage":3,"data":[{"id":"4d478dc4-492d-4994-84d4-940bdd0a9ab6","key":"4d478dc4-492d-4994-84d4-940bdd0a9ab6","bannerId":"4d478dc4-492d-4994-84d4-940bdd0a9ab6","url":"inputBanner6","redirectUrl":"redirectUrlTEST","order":1},{"id":"7b28a319-8109-4d29-8aac-713d362f4ee7","key":"7b28a319-8109-4d29-8aac-713d362f4ee7","bannerId":"7b28a319-8109-4d29-8aac-713d362f4ee7","url":"banner1","redirectUrl":"www.google.com12","order":1},{"id":"3f4cea6f-4b56-4729-8d71-2b075a1f214e","key":"3f4cea6f-4b56-4729-8d71-2b075a1f214e","bannerId":"3f4cea6f-4b56-4729-8d71-2b075a1f214e","url":"banner2","redirectUrl":"ww.google.com","order":2},{"id":"5cace156-918d-43ce-a8c6-ec536ea6a98c","key":"5cace156-918d-43ce-a8c6-ec536ea6a98c","bannerId":"5cace156-918d-43ce-a8c6-ec536ea6a98c","url":"banner3","redirectUrl":"www.google.com3","order":3},{"id":"c88de249-1155-43e0-8f0d-7c920b908a5c","key":"c88de249-1155-43e0-8f0d-7c920b908a5c","bannerId":"c88de249-1155-43e0-8f0d-7c920b908a5c","url":"banner4","redirectUrl":"www.google.com4","order":4}]}}
gin_server - 2021/01/02 - 13:47:09.504	INFO	d:/golang專案/VueGinRefactor/handler/banner/banner_handler_test.go:167	Test Success: /api/banner/list	{"test_result": "success"}
gin_server - 2021/01/02 - 13:47:09.505	DEBUG	d:/golang專案/VueGinRefactor/Utils/logFormat/logFormat.go:11	entity	{"entity": {"code":200,"msg":"OK","total":5,"totalPage":1,"data":[{"id":"4d478dc4-492d-4994-84d4-940bdd0a9ab6","key":"4d478dc4-492d-4994-84d4-940bdd0a9ab6","bannerId":"4d478dc4-492d-4994-84d4-940bdd0a9ab6","url":"inputBanner6","redirectUrl":"redirectUrlTEST","order":1},{"id":"7b28a319-8109-4d29-8aac-713d362f4ee7","key":"7b28a319-8109-4d29-8aac-713d362f4ee7","bannerId":"7b28a319-8109-4d29-8aac-713d362f4ee7","url":"banner1","redirectUrl":"www.google.com12","order":1},{"id":"3f4cea6f-4b56-4729-8d71-2b075a1f214e","key":"3f4cea6f-4b56-4729-8d71-2b075a1f214e","bannerId":"3f4cea6f-4b56-4729-8d71-2b075a1f214e","url":"banner2","redirectUrl":"ww.google.com","order":2},{"id":"5cace156-918d-43ce-a8c6-ec536ea6a98c","key":"5cace156-918d-43ce-a8c6-ec536ea6a98c","bannerId":"5cace156-918d-43ce-a8c6-ec536ea6a98c","url":"banner3","redirectUrl":"www.google.com3","order":3},{"id":"c88de249-1155-43e0-8f0d-7c920b908a5c","key":"c88de249-1155-43e0-8f0d-7c920b908a5c","bannerId":"c88de249-1155-43e0-8f0d-7c920b908a5c","url":"banner4","redirectUrl":"www.google.com4","order":4}]}}
gin_server - 2021/01/02 - 13:47:09.505	INFO	d:/golang專案/VueGinRefactor/handler/banner/banner_handler_test.go:167	Test Success: /api/banner/list	{"test_result": "success"}
gin_server - 2021/01/02 - 13:47:14.539	DEBUG	d:/golang專案/VueGinRefactor/Utils/logFormat/logFormat.go:11	entity	{"entity": {"code":500,"msg":"傳入query錯誤: strconv.Atoi: parsing \"ffftttt\": invalid syntax","total":0,"totalPage":1,"data":null}}
gin_server - 2021/01/02 - 13:47:14.567	INFO	d:/golang專案/VueGinRefactor/handler/banner/banner_handler_test.go:201	Test Success: /api/banner/list (Error Case)	{"test_result": "success"}
gin_server - 2021/01/02 - 13:47:14.567	DEBUG	d:/golang專案/VueGinRefactor/Utils/logFormat/logFormat.go:11	entity	{"entity": {"code":500,"msg":"傳入query錯誤: strconv.Atoi: parsing \"sss\": invalid syntax","total":0,"totalPage":1,"data":null}}
gin_server - 2021/01/02 - 13:47:14.567	INFO	d:/golang專案/VueGinRefactor/handler/banner/banner_handler_test.go:201	Test Success: /api/banner/list (Error Case)	{"test_result": "success"}
gin_server - 2021/01/02 - 13:47:14.567	DEBUG	d:/golang專案/VueGinRefactor/Utils/logFormat/logFormat.go:11	entity	{"entity": {"code":500,"msg":"傳入query錯誤: strconv.Atoi: parsing \"sss\": invalid syntax","total":0,"totalPage":1,"data":null}}
gin_server - 2021/01/02 - 13:47:14.567	INFO	d:/golang專案/VueGinRefactor/handler/banner/banner_handler_test.go:201	Test Success: /api/banner/list (Error Case)	{"test_result": "success"}
gin_server - 2021/01/02 - 13:47:14.567	DEBUG	d:/golang專案/VueGinRefactor/Utils/logFormat/logFormat.go:11	entity	{"entity": {"code":500,"msg":"傳入query錯誤: strconv.Atoi: parsing \"fhgtrhtrh++23/\": invalid syntax","total":0,"totalPage":1,"data":null}}
gin_server - 2021/01/02 - 13:47:14.567	INFO	d:/golang專案/VueGinRefactor/handler/banner/banner_handler_test.go:201	Test Success: /api/banner/list (Error Case)	{"test_result": "success"}
gin_server - 2021/01/02 - 13:47:21.392	DEBUG	d:/golang專案/VueGinRefactor/Utils/logFormat/logFormat.go:11	entity	{"entity": {"code":200,"msg":"OK，查詢成功","total":0,"totalPage":0,"data":{"id":"4d478dc4-492d-4994-84d4-940bdd0a9ab6","key":"4d478dc4-492d-4994-84d4-940bdd0a9ab6","bannerId":"4d478dc4-492d-4994-84d4-940bdd0a9ab6","url":"inputBanner6","redirectUrl":"redirectUrlTEST","order":1}}}
gin_server - 2021/01/02 - 13:47:21.420	INFO	d:/golang專案/VueGinRefactor/handler/banner/banner_handler_test.go:247	Test Success: /api/banner/info?id= 	{"test_result": "success"}
gin_server - 2021/01/02 - 13:47:26.062	DEBUG	d:/golang專案/VueGinRefactor/Utils/logFormat/logFormat.go:11	entity	{"entity": {"code":500,"msg":"請傳入ID!!!","total":0,"totalPage":1,"data":null}}
gin_server - 2021/01/02 - 13:47:26.089	INFO	d:/golang專案/VueGinRefactor/handler/banner/banner_handler_test.go:284	Test Success: /api/banner/info?id=nil or err => error 	{"test_result": "success"}
gin_server - 2021/01/02 - 13:47:26.089	DEBUG	d:/golang專案/VueGinRefactor/Utils/logFormat/logFormat.go:11	entity	{"entity": {"code":500,"msg":"請傳入ID!!!","total":0,"totalPage":1,"data":null}}
gin_server - 2021/01/02 - 13:47:26.089	INFO	d:/golang專案/VueGinRefactor/handler/banner/banner_handler_test.go:284	Test Success: /api/banner/info?id=nil or err => error 	{"test_result": "success"}
gin_server - 2021/01/02 - 13:47:30.273	DEBUG	d:/golang專案/VueGinRefactor/Utils/logFormat/logFormat.go:11	entity	{"entity": {"code":500,"msg":"Edit Error: please input id","total":0,"totalPage":0,"data":null}}
gin_server - 2021/01/02 - 13:47:30.302	DEBUG	d:/golang專案/VueGinRefactor/handler/banner/banner_handler_test.go:320	Test Failed:/api/banner/edit	{"test_result": "{\"entity\":{\"code\":500,\"msg\":\"Edit Error: please input id\",\"total\":0,\"totalPage\":0,\"data\":null}}"}
gin_server - 2021/01/02 - 13:47:36.506	DEBUG	d:/golang專案/VueGinRefactor/Utils/logFormat/logFormat.go:11	entity	{"entity": {"code":500,"msg":"Edit Error: please input id","total":0,"totalPage":0,"data":null}}
gin_server - 2021/01/02 - 13:47:36.534	DEBUG	d:/golang專案/VueGinRefactor/handler/banner/banner_handler_test.go:320	Test Failed:/api/banner/edit	{"test_result": "{\"entity\":{\"code\":500,\"msg\":\"Edit Error: please input id\",\"total\":0,\"totalPage\":0,\"data\":null}}"}
gin_server - 2021/01/02 - 13:48:06.737	DEBUG	d:/golang專案/VueGinRefactor/Utils/logFormat/logFormat.go:11	entity	{"entity": {"code":500,"msg":"傳入JSON錯誤: invalid character ',' looking for beginning of object key string","total":0,"totalPage":0,"data":null}}
gin_server - 2021/01/02 - 13:48:06.765	INFO	d:/golang專案/VueGinRefactor/handler/banner/banner_handler_test.go:351	Test Success: /api/banner/edit (Error Case) 	{"test_result": "success"}
gin_server - 2021/01/02 - 13:48:06.766	DEBUG	d:/golang專案/VueGinRefactor/Utils/logFormat/logFormat.go:11	entity	{"entity": {"code":500,"msg":"Edit Error: please input id","total":0,"totalPage":0,"data":null}}
gin_server - 2021/01/02 - 13:48:06.766	INFO	d:/golang專案/VueGinRefactor/handler/banner/banner_handler_test.go:351	Test Success: /api/banner/edit (Error Case) 	{"test_result": "success"}
gin_server - 2021/01/02 - 13:48:06.768	DEBUG	d:/golang專案/VueGinRefactor/Utils/logFormat/logFormat.go:11	entity	{"entity": {"code":200,"msg":"修改成功,id:testestest111111","total":0,"totalPage":0,"data":null}}
gin_server - 2021/01/02 - 13:48:06.768	DEBUG	d:/golang專案/VueGinRefactor/handler/banner/banner_handler_test.go:348	Test Failed:/api/banner/edit (Error Case)	{"test_result": 200}
gin_server - 2021/01/02 - 13:48:50.428	DEBUG	d:/golang專案/VueGinRefactor/Utils/logFormat/logFormat.go:11	entity	{"entity": {"code":200,"msg":"OK","total":5,"totalPage":3,"data":[{"id":"4d478dc4-492d-4994-84d4-940bdd0a9ab6","key":"4d478dc4-492d-4994-84d4-940bdd0a9ab6","bannerId":"4d478dc4-492d-4994-84d4-940bdd0a9ab6","url":"inputBanner6","redirectUrl":"redirectUrlTEST","order":1},{"id":"7b28a319-8109-4d29-8aac-713d362f4ee7","key":"7b28a319-8109-4d29-8aac-713d362f4ee7","bannerId":"7b28a319-8109-4d29-8aac-713d362f4ee7","url":"banner1","redirectUrl":"www.google.com12","order":1},{"id":"3f4cea6f-4b56-4729-8d71-2b075a1f214e","key":"3f4cea6f-4b56-4729-8d71-2b075a1f214e","bannerId":"3f4cea6f-4b56-4729-8d71-2b075a1f214e","url":"banner2","redirectUrl":"ww.google.com","order":2},{"id":"5cace156-918d-43ce-a8c6-ec536ea6a98c","key":"5cace156-918d-43ce-a8c6-ec536ea6a98c","bannerId":"5cace156-918d-43ce-a8c6-ec536ea6a98c","url":"banner3","redirectUrl":"www.google.com3","order":3},{"id":"c88de249-1155-43e0-8f0d-7c920b908a5c","key":"c88de249-1155-43e0-8f0d-7c920b908a5c","bannerId":"c88de249-1155-43e0-8f0d-7c920b908a5c","url":"banner4","redirectUrl":"www.google.com4","order":4}]}}
gin_server - 2021/01/02 - 13:48:50.458	INFO	d:/golang專案/VueGinRefactor/handler/banner/banner_handler_test.go:167	Test Success: /api/banner/list	{"test_result": "success"}
gin_server - 2021/01/02 - 13:48:50.460	DEBUG	d:/golang專案/VueGinRefactor/Utils/logFormat/logFormat.go:11	entity	{"entity": {"code":200,"msg":"OK","total":5,"totalPage":1,"data":[{"id":"4d478dc4-492d-4994-84d4-940bdd0a9ab6","key":"4d478dc4-492d-4994-84d4-940bdd0a9ab6","bannerId":"4d478dc4-492d-4994-84d4-940bdd0a9ab6","url":"inputBanner6","redirectUrl":"redirectUrlTEST","order":1},{"id":"7b28a319-8109-4d29-8aac-713d362f4ee7","key":"7b28a319-8109-4d29-8aac-713d362f4ee7","bannerId":"7b28a319-8109-4d29-8aac-713d362f4ee7","url":"banner1","redirectUrl":"www.google.com12","order":1},{"id":"3f4cea6f-4b56-4729-8d71-2b075a1f214e","key":"3f4cea6f-4b56-4729-8d71-2b075a1f214e","bannerId":"3f4cea6f-4b56-4729-8d71-2b075a1f214e","url":"banner2","redirectUrl":"ww.google.com","order":2},{"id":"5cace156-918d-43ce-a8c6-ec536ea6a98c","key":"5cace156-918d-43ce-a8c6-ec536ea6a98c","bannerId":"5cace156-918d-43ce-a8c6-ec536ea6a98c","url":"banner3","redirectUrl":"www.google.com3","order":3},{"id":"c88de249-1155-43e0-8f0d-7c920b908a5c","key":"c88de249-1155-43e0-8f0d-7c920b908a5c","bannerId":"c88de249-1155-43e0-8f0d-7c920b908a5c","url":"banner4","redirectUrl":"www.google.com4","order":4}]}}
gin_server - 2021/01/02 - 13:48:50.460	INFO	d:/golang專案/VueGinRefactor/handler/banner/banner_handler_test.go:167	Test Success: /api/banner/list	{"test_result": "success"}
gin_server - 2021/01/02 - 13:48:57.648	DEBUG	d:/golang專案/VueGinRefactor/Utils/logFormat/logFormat.go:11	entity	{"entity": {"code":500,"msg":"傳入query錯誤: strconv.Atoi: parsing \"ffftttt\": invalid syntax","total":0,"totalPage":1,"data":null}}
gin_server - 2021/01/02 - 13:48:57.681	INFO	d:/golang專案/VueGinRefactor/handler/banner/banner_handler_test.go:201	Test Success: /api/banner/list (Error Case)	{"test_result": "success"}
gin_server - 2021/01/02 - 13:48:57.681	DEBUG	d:/golang專案/VueGinRefactor/Utils/logFormat/logFormat.go:11	entity	{"entity": {"code":500,"msg":"傳入query錯誤: strconv.Atoi: parsing \"sss\": invalid syntax","total":0,"totalPage":1,"data":null}}
gin_server - 2021/01/02 - 13:48:57.681	INFO	d:/golang專案/VueGinRefactor/handler/banner/banner_handler_test.go:201	Test Success: /api/banner/list (Error Case)	{"test_result": "success"}
gin_server - 2021/01/02 - 13:48:57.681	DEBUG	d:/golang專案/VueGinRefactor/Utils/logFormat/logFormat.go:11	entity	{"entity": {"code":500,"msg":"傳入query錯誤: strconv.Atoi: parsing \"sss\": invalid syntax","total":0,"totalPage":1,"data":null}}
gin_server - 2021/01/02 - 13:48:57.681	INFO	d:/golang專案/VueGinRefactor/handler/banner/banner_handler_test.go:201	Test Success: /api/banner/list (Error Case)	{"test_result": "success"}
gin_server - 2021/01/02 - 13:48:57.681	DEBUG	d:/golang專案/VueGinRefactor/Utils/logFormat/logFormat.go:11	entity	{"entity": {"code":500,"msg":"傳入query錯誤: strconv.Atoi: parsing \"fhgtrhtrh++23/\": invalid syntax","total":0,"totalPage":1,"data":null}}
gin_server - 2021/01/02 - 13:48:57.681	INFO	d:/golang專案/VueGinRefactor/handler/banner/banner_handler_test.go:201	Test Success: /api/banner/list (Error Case)	{"test_result": "success"}
gin_server - 2021/01/02 - 13:49:04.415	DEBUG	d:/golang專案/VueGinRefactor/Utils/logFormat/logFormat.go:11	entity	{"entity": {"code":200,"msg":"OK，查詢成功","total":0,"totalPage":0,"data":{"id":"4d478dc4-492d-4994-84d4-940bdd0a9ab6","key":"4d478dc4-492d-4994-84d4-940bdd0a9ab6","bannerId":"4d478dc4-492d-4994-84d4-940bdd0a9ab6","url":"inputBanner6","redirectUrl":"redirectUrlTEST","order":1}}}
gin_server - 2021/01/02 - 13:49:04.451	INFO	d:/golang專案/VueGinRefactor/handler/banner/banner_handler_test.go:247	Test Success: /api/banner/info?id= 	{"test_result": "success"}
gin_server - 2021/01/02 - 13:49:11.207	DEBUG	d:/golang專案/VueGinRefactor/Utils/logFormat/logFormat.go:11	entity	{"entity": {"code":500,"msg":"Edit Error: please input id","total":0,"totalPage":0,"data":null}}
gin_server - 2021/01/02 - 13:49:11.239	DEBUG	d:/golang專案/VueGinRefactor/handler/banner/banner_handler_test.go:320	Test Failed:/api/banner/edit	{"test_result": "{\"entity\":{\"code\":500,\"msg\":\"Edit Error: please input id\",\"total\":0,\"totalPage\":0,\"data\":null}}"}
gin_server - 2021/01/02 - 13:50:45.251	DEBUG	d:/golang專案/VueGinRefactor/Utils/logFormat/logFormat.go:11	entity	{"entity": {"code":200,"msg":"添加成功:&{a55178ec-2dbc-4c1e-8711-7dbbbb2033cc inputBanner6 redirectUrlTEST 1 addUser admin}","total":0,"totalPage":0,"data":null}}
gin_server - 2021/01/02 - 13:50:45.251	INFO	d:/golang專案/VueGinRefactor/handler/banner/banner_handler_test.go:82	Test Success: /api/banner/add	{"test_result": "success"}
gin_server - 2021/01/02 - 13:50:45.253	DEBUG	d:/golang專案/VueGinRefactor/Utils/logFormat/logFormat.go:11	entity	{"entity": {"code":500,"msg":"傳入JSON錯誤: invalid character ',' looking for beginning of object key string","total":0,"totalPage":0,"data":null}}
gin_server - 2021/01/02 - 13:50:45.253	DEBUG	d:/golang專案/VueGinRefactor/handler/banner/banner_handler_test.go:132	Test Failed: /api/banner/add	{"test_result": "{\"entity\":{\"code\":500,\"msg\":\"傳入JSON錯誤: invalid character ',' looking for beginning of object key string\",\"total\":0,\"totalPage\":0,\"data\":null}}"}
gin_server - 2021/01/02 - 13:50:45.260	DEBUG	d:/golang專案/VueGinRefactor/Utils/logFormat/logFormat.go:11	entity	{"entity": {"code":500,"msg":"Add Error: add banner failed:Error 1062: Duplicate entry 'banner1' for key 'banner.url'","total":0,"totalPage":0,"data":null}}
gin_server - 2021/01/02 - 13:50:45.260	DEBUG	d:/golang專案/VueGinRefactor/handler/banner/banner_handler_test.go:132	Test Failed: /api/banner/add	{"test_result": "{\"entity\":{\"code\":500,\"msg\":\"Add Error: add banner failed:Error 1062: Duplicate entry 'banner1' for key 'banner.url'\",\"total\":0,\"totalPage\":0,\"data\":null}}"}
gin_server - 2021/01/02 - 13:50:45.263	DEBUG	d:/golang專案/VueGinRefactor/Utils/logFormat/logFormat.go:11	entity	{"entity": {"code":200,"msg":"OK","total":5,"totalPage":3,"data":[{"id":"7b28a319-8109-4d29-8aac-713d362f4ee7","key":"7b28a319-8109-4d29-8aac-713d362f4ee7","bannerId":"7b28a319-8109-4d29-8aac-713d362f4ee7","url":"banner1","redirectUrl":"www.google.com12","order":1},{"id":"a55178ec-2dbc-4c1e-8711-7dbbbb2033cc","key":"a55178ec-2dbc-4c1e-8711-7dbbbb2033cc","bannerId":"a55178ec-2dbc-4c1e-8711-7dbbbb2033cc","url":"inputBanner6","redirectUrl":"redirectUrlTEST","order":1},{"id":"3f4cea6f-4b56-4729-8d71-2b075a1f214e","key":"3f4cea6f-4b56-4729-8d71-2b075a1f214e","bannerId":"3f4cea6f-4b56-4729-8d71-2b075a1f214e","url":"banner2","redirectUrl":"ww.google.com","order":2},{"id":"5cace156-918d-43ce-a8c6-ec536ea6a98c","key":"5cace156-918d-43ce-a8c6-ec536ea6a98c","bannerId":"5cace156-918d-43ce-a8c6-ec536ea6a98c","url":"banner3","redirectUrl":"www.google.com3","order":3},{"id":"c88de249-1155-43e0-8f0d-7c920b908a5c","key":"c88de249-1155-43e0-8f0d-7c920b908a5c","bannerId":"c88de249-1155-43e0-8f0d-7c920b908a5c","url":"banner4","redirectUrl":"www.google.com4","order":4}]}}
gin_server - 2021/01/02 - 13:50:45.264	INFO	d:/golang專案/VueGinRefactor/handler/banner/banner_handler_test.go:167	Test Success: /api/banner/list	{"test_result": "success"}
gin_server - 2021/01/02 - 13:50:45.265	DEBUG	d:/golang專案/VueGinRefactor/Utils/logFormat/logFormat.go:11	entity	{"entity": {"code":200,"msg":"OK","total":5,"totalPage":1,"data":[{"id":"7b28a319-8109-4d29-8aac-713d362f4ee7","key":"7b28a319-8109-4d29-8aac-713d362f4ee7","bannerId":"7b28a319-8109-4d29-8aac-713d362f4ee7","url":"banner1","redirectUrl":"www.google.com12","order":1},{"id":"a55178ec-2dbc-4c1e-8711-7dbbbb2033cc","key":"a55178ec-2dbc-4c1e-8711-7dbbbb2033cc","bannerId":"a55178ec-2dbc-4c1e-8711-7dbbbb2033cc","url":"inputBanner6","redirectUrl":"redirectUrlTEST","order":1},{"id":"3f4cea6f-4b56-4729-8d71-2b075a1f214e","key":"3f4cea6f-4b56-4729-8d71-2b075a1f214e","bannerId":"3f4cea6f-4b56-4729-8d71-2b075a1f214e","url":"banner2","redirectUrl":"ww.google.com","order":2},{"id":"5cace156-918d-43ce-a8c6-ec536ea6a98c","key":"5cace156-918d-43ce-a8c6-ec536ea6a98c","bannerId":"5cace156-918d-43ce-a8c6-ec536ea6a98c","url":"banner3","redirectUrl":"www.google.com3","order":3},{"id":"c88de249-1155-43e0-8f0d-7c920b908a5c","key":"c88de249-1155-43e0-8f0d-7c920b908a5c","bannerId":"c88de249-1155-43e0-8f0d-7c920b908a5c","url":"banner4","redirectUrl":"www.google.com4","order":4}]}}
gin_server - 2021/01/02 - 13:50:45.265	INFO	d:/golang專案/VueGinRefactor/handler/banner/banner_handler_test.go:167	Test Success: /api/banner/list	{"test_result": "success"}
gin_server - 2021/01/02 - 13:50:45.267	DEBUG	d:/golang專案/VueGinRefactor/Utils/logFormat/logFormat.go:11	entity	{"entity": {"code":500,"msg":"傳入query錯誤: strconv.Atoi: parsing \"ffftttt\": invalid syntax","total":0,"totalPage":1,"data":null}}
gin_server - 2021/01/02 - 13:50:45.267	INFO	d:/golang專案/VueGinRefactor/handler/banner/banner_handler_test.go:201	Test Success: /api/banner/list (Error Case)	{"test_result": "success"}
gin_server - 2021/01/02 - 13:50:45.267	DEBUG	d:/golang專案/VueGinRefactor/Utils/logFormat/logFormat.go:11	entity	{"entity": {"code":500,"msg":"傳入query錯誤: strconv.Atoi: parsing \"sss\": invalid syntax","total":0,"totalPage":1,"data":null}}
gin_server - 2021/01/02 - 13:50:45.267	INFO	d:/golang專案/VueGinRefactor/handler/banner/banner_handler_test.go:201	Test Success: /api/banner/list (Error Case)	{"test_result": "success"}
gin_server - 2021/01/02 - 13:50:45.267	DEBUG	d:/golang專案/VueGinRefactor/Utils/logFormat/logFormat.go:11	entity	{"entity": {"code":500,"msg":"傳入query錯誤: strconv.Atoi: parsing \"sss\": invalid syntax","total":0,"totalPage":1,"data":null}}
gin_server - 2021/01/02 - 13:50:45.267	INFO	d:/golang專案/VueGinRefactor/handler/banner/banner_handler_test.go:201	Test Success: /api/banner/list (Error Case)	{"test_result": "success"}
gin_server - 2021/01/02 - 13:50:45.267	DEBUG	d:/golang專案/VueGinRefactor/Utils/logFormat/logFormat.go:11	entity	{"entity": {"code":500,"msg":"傳入query錯誤: strconv.Atoi: parsing \"fhgtrhtrh++23/\": invalid syntax","total":0,"totalPage":1,"data":null}}
gin_server - 2021/01/02 - 13:50:45.267	INFO	d:/golang專案/VueGinRefactor/handler/banner/banner_handler_test.go:201	Test Success: /api/banner/list (Error Case)	{"test_result": "success"}
gin_server - 2021/01/02 - 13:50:45.270	DEBUG	d:/golang專案/VueGinRefactor/Utils/logFormat/logFormat.go:11	entity	{"entity": {"code":200,"msg":"OK，查詢成功","total":0,"totalPage":0,"data":{"id":"a55178ec-2dbc-4c1e-8711-7dbbbb2033cc","key":"a55178ec-2dbc-4c1e-8711-7dbbbb2033cc","bannerId":"a55178ec-2dbc-4c1e-8711-7dbbbb2033cc","url":"inputBanner6","redirectUrl":"redirectUrlTEST","order":1}}}
gin_server - 2021/01/02 - 13:50:45.270	INFO	d:/golang專案/VueGinRefactor/handler/banner/banner_handler_test.go:247	Test Success: /api/banner/info?id= 	{"test_result": "success"}
gin_server - 2021/01/02 - 13:50:45.272	DEBUG	d:/golang專案/VueGinRefactor/Utils/logFormat/logFormat.go:11	entity	{"entity": {"code":500,"msg":"請傳入ID!!!","total":0,"totalPage":1,"data":null}}
gin_server - 2021/01/02 - 13:50:45.272	INFO	d:/golang專案/VueGinRefactor/handler/banner/banner_handler_test.go:284	Test Success: /api/banner/info?id=nil or err => error 	{"test_result": "success"}
gin_server - 2021/01/02 - 13:50:45.272	DEBUG	d:/golang專案/VueGinRefactor/Utils/logFormat/logFormat.go:11	entity	{"entity": {"code":500,"msg":"請傳入ID!!!","total":0,"totalPage":1,"data":null}}
gin_server - 2021/01/02 - 13:50:45.272	INFO	d:/golang專案/VueGinRefactor/handler/banner/banner_handler_test.go:284	Test Success: /api/banner/info?id=nil or err => error 	{"test_result": "success"}
gin_server - 2021/01/02 - 13:50:45.281	DEBUG	d:/golang專案/VueGinRefactor/Utils/logFormat/logFormat.go:11	entity	{"entity": {"code":200,"msg":"修改成功,id:a55178ec-2dbc-4c1e-8711-7dbbbb2033cc","total":0,"totalPage":0,"data":null}}
gin_server - 2021/01/02 - 13:50:45.281	INFO	d:/golang專案/VueGinRefactor/handler/banner/banner_handler_test.go:317	Test Success: /api/banner/edit 	{"test_result": "success"}
gin_server - 2021/01/02 - 13:50:45.284	DEBUG	d:/golang專案/VueGinRefactor/Utils/logFormat/logFormat.go:11	entity	{"entity": {"code":500,"msg":"傳入JSON錯誤: invalid character ',' looking for beginning of object key string","total":0,"totalPage":0,"data":null}}
gin_server - 2021/01/02 - 13:50:45.284	INFO	d:/golang專案/VueGinRefactor/handler/banner/banner_handler_test.go:351	Test Success: /api/banner/edit (Error Case) 	{"test_result": "success"}
gin_server - 2021/01/02 - 13:50:45.284	DEBUG	d:/golang專案/VueGinRefactor/Utils/logFormat/logFormat.go:11	entity	{"entity": {"code":500,"msg":"Edit Error: please input id","total":0,"totalPage":0,"data":null}}
gin_server - 2021/01/02 - 13:50:45.284	INFO	d:/golang專案/VueGinRefactor/handler/banner/banner_handler_test.go:351	Test Success: /api/banner/edit (Error Case) 	{"test_result": "success"}
gin_server - 2021/01/02 - 13:50:45.285	DEBUG	d:/golang專案/VueGinRefactor/Utils/logFormat/logFormat.go:11	entity	{"entity": {"code":200,"msg":"修改成功,id:testestest111111","total":0,"totalPage":0,"data":null}}
gin_server - 2021/01/02 - 13:50:45.285	DEBUG	d:/golang專案/VueGinRefactor/handler/banner/banner_handler_test.go:348	Test Failed:/api/banner/edit (Error Case)	{"test_result": 200}
gin_server - 2021/01/02 - 13:50:45.294	DEBUG	d:/golang專案/VueGinRefactor/Utils/logFormat/logFormat.go:11	entity	{"entity": {"code":200,"msg":"Response Ok","total":0,"totalPage":0,"data":null}}
gin_server - 2021/01/02 - 13:50:45.294	INFO	d:/golang專案/VueGinRefactor/handler/banner/banner_handler_test.go:375	Test Success: /api/banner/delete?id= 	{"test_result": "success"}
gin_server - 2021/01/02 - 13:50:45.297	DEBUG	d:/golang專案/VueGinRefactor/Utils/logFormat/logFormat.go:11	entity	{"entity": {"code":500,"msg":"Delete Error: invalid value","total":0,"totalPage":0,"data":null}}
gin_server - 2021/01/02 - 13:50:45.297	DEBUG	d:/golang專案/VueGinRefactor/handler/banner/banner_handler_test.go:412	Test Failed: /api/banner/delete?id= (Error Case)	{"test_result_code": 500}
gin_server - 2021/01/02 - 13:50:45.297	DEBUG	d:/golang專案/VueGinRefactor/Utils/logFormat/logFormat.go:11	entity	{"entity": {"code":500,"msg":"Delete Error: invalid value","total":0,"totalPage":0,"data":null}}
gin_server - 2021/01/02 - 13:50:45.297	DEBUG	d:/golang專案/VueGinRefactor/handler/banner/banner_handler_test.go:412	Test Failed: /api/banner/delete?id= (Error Case)	{"test_result_code": 500}
gin_server - 2021/01/02 - 13:50:45.298	DEBUG	d:/golang專案/VueGinRefactor/Utils/logFormat/logFormat.go:11	entity	{"entity": {"code":500,"msg":"Delete Error: invalid value","total":0,"totalPage":0,"data":null}}
gin_server - 2021/01/02 - 13:50:45.298	DEBUG	d:/golang專案/VueGinRefactor/handler/banner/banner_handler_test.go:412	Test Failed: /api/banner/delete?id= (Error Case)	{"test_result_code": 500}
gin_server - 2021/01/02 - 13:52:43.876	DEBUG	d:/golang專案/VueGinRefactor/Utils/logFormat/logFormat.go:11	entity	{"entity": {"code":200,"msg":"添加成功:&{f833e923-9eba-4f9e-aacb-deb804742a02 inputBanner6 redirectUrlTEST 1 addUser admin}","total":0,"totalPage":0,"data":null}}
gin_server - 2021/01/02 - 13:52:43.877	INFO	d:/golang專案/VueGinRefactor/handler/banner/banner_handler_test.go:82	Test Success: /api/banner/add	{"test_result": "success"}
gin_server - 2021/01/02 - 13:54:48.460	DEBUG	d:/golang專案/VueGinRefactor/Utils/logFormat/logFormat.go:11	entity	{"entity": {"code":500,"msg":"傳入JSON錯誤: invalid character ',' looking for beginning of object key string","total":0,"totalPage":0,"data":null}}
gin_server - 2021/01/02 - 13:55:13.803	INFO	d:/golang專案/VueGinRefactor/handler/banner/banner_handler_test.go:351	Test Success: /api/banner/edit (Error Case) 	{"test_result": "success"}
gin_server - 2021/01/02 - 13:55:56.201	DEBUG	d:/golang專案/VueGinRefactor/Utils/logFormat/logFormat.go:11	entity	{"entity": {"code":500,"msg":"Edit Error: please input id","total":0,"totalPage":0,"data":null}}
gin_server - 2021/01/02 - 13:56:20.470	INFO	d:/golang專案/VueGinRefactor/handler/banner/banner_handler_test.go:351	Test Success: /api/banner/edit (Error Case) 	{"test_result": "success"}
gin_server - 2021/01/02 - 13:57:51.284	DEBUG	d:/golang專案/VueGinRefactor/Utils/logFormat/logFormat.go:11	entity	{"entity": {"code":200,"msg":"修改成功,id:testestest111111","total":0,"totalPage":0,"data":null}}
gin_server - 2021/01/02 - 13:57:51.284	DEBUG	d:/golang專案/VueGinRefactor/handler/banner/banner_handler_test.go:348	Test Failed:/api/banner/edit (Error Case)	{"test_result": 200}
gin_server - 2021/01/02 - 13:58:25.405	DEBUG	d:/golang專案/VueGinRefactor/Utils/logFormat/logFormat.go:11	entity	{"entity": {"code":500,"msg":"傳入JSON錯誤: invalid character ',' looking for beginning of object key string","total":0,"totalPage":0,"data":null}}
gin_server - 2021/01/02 - 13:58:25.436	INFO	d:/golang專案/VueGinRefactor/handler/banner/banner_handler_test.go:351	Test Success: /api/banner/edit (Error Case) 	{"test_result": "success"}
gin_server - 2021/01/02 - 13:58:31.193	DEBUG	d:/golang專案/VueGinRefactor/Utils/logFormat/logFormat.go:11	entity	{"entity": {"code":500,"msg":"Edit Error: please input id","total":0,"totalPage":0,"data":null}}
gin_server - 2021/01/02 - 13:58:31.193	INFO	d:/golang專案/VueGinRefactor/handler/banner/banner_handler_test.go:351	Test Success: /api/banner/edit (Error Case) 	{"test_result": "success"}
gin_server - 2021/01/02 - 13:58:33.505	DEBUG	d:/golang專案/VueGinRefactor/handler/banner/banner_handler_test.go:348	Test Failed:/api/banner/edit (Error Case)	{"test_result": 200}
gin_server - 2021/01/02 - 13:58:46.462	DEBUG	d:/golang專案/VueGinRefactor/Utils/logFormat/logFormat.go:11	entity	{"entity": {"code":500,"msg":"傳入JSON錯誤: invalid character ',' looking for beginning of object key string","total":0,"totalPage":0,"data":null}}
gin_server - 2021/01/02 - 13:58:46.493	INFO	d:/golang專案/VueGinRefactor/handler/banner/banner_handler_test.go:351	Test Success: /api/banner/edit (Error Case) 	{"test_result": "success"}
gin_server - 2021/01/02 - 13:58:59.457	DEBUG	d:/golang專案/VueGinRefactor/Utils/logFormat/logFormat.go:11	entity	{"entity": {"code":500,"msg":"Edit Error: please input id","total":0,"totalPage":0,"data":null}}
gin_server - 2021/01/02 - 13:58:59.457	INFO	d:/golang專案/VueGinRefactor/handler/banner/banner_handler_test.go:351	Test Success: /api/banner/edit (Error Case) 	{"test_result": "success"}
gin_server - 2021/01/02 - 13:59:00.942	DEBUG	d:/golang專案/VueGinRefactor/handler/banner/banner_handler_test.go:348	Test Failed:/api/banner/edit (Error Case)	{"test_result": 200}
gin_server - 2021/01/02 - 13:59:23.352	DEBUG	d:/golang專案/VueGinRefactor/Utils/logFormat/logFormat.go:11	entity	{"entity": {"code":500,"msg":"傳入JSON錯誤: invalid character ',' looking for beginning of object key string","total":0,"totalPage":0,"data":null}}
gin_server - 2021/01/02 - 13:59:23.382	INFO	d:/golang專案/VueGinRefactor/handler/banner/banner_handler_test.go:351	Test Success: /api/banner/edit (Error Case) 	{"test_result": "success"}
gin_server - 2021/01/02 - 13:59:36.071	DEBUG	d:/golang專案/VueGinRefactor/Utils/logFormat/logFormat.go:11	entity	{"entity": {"code":500,"msg":"Edit Error: please input id","total":0,"totalPage":0,"data":null}}
gin_server - 2021/01/02 - 13:59:36.071	INFO	d:/golang專案/VueGinRefactor/handler/banner/banner_handler_test.go:351	Test Success: /api/banner/edit (Error Case) 	{"test_result": "success"}
gin_server - 2021/01/02 - 14:01:05.547	DEBUG	d:/golang專案/VueGinRefactor/Utils/logFormat/logFormat.go:11	entity	{"entity": {"code":500,"msg":"傳入JSON錯誤: invalid character ',' looking for beginning of object key string","total":0,"totalPage":0,"data":null}}
gin_server - 2021/01/02 - 14:01:05.581	INFO	d:/golang專案/VueGinRefactor/handler/banner/banner_handler_test.go:351	Test Success: /api/banner/edit (Error Case) 	{"test_result": "success"}
gin_server - 2021/01/02 - 14:01:11.181	DEBUG	d:/golang專案/VueGinRefactor/Utils/logFormat/logFormat.go:11	entity	{"entity": {"code":500,"msg":"Edit Error: please input id","total":0,"totalPage":0,"data":null}}
gin_server - 2021/01/02 - 14:01:13.406	INFO	d:/golang專案/VueGinRefactor/handler/banner/banner_handler_test.go:351	Test Success: /api/banner/edit (Error Case) 	{"test_result": "success"}
gin_server - 2021/01/02 - 14:01:14.706	DEBUG	d:/golang專案/VueGinRefactor/Utils/logFormat/logFormat.go:11	entity	{"entity": {"code":500,"msg":"Edit Error: invalid value","total":0,"totalPage":0,"data":null}}
gin_server - 2021/01/02 - 14:01:14.706	INFO	d:/golang專案/VueGinRefactor/handler/banner/banner_handler_test.go:351	Test Success: /api/banner/edit (Error Case) 	{"test_result": "success"}
gin_server - 2021/01/02 - 14:01:21.819	DEBUG	d:/golang專案/VueGinRefactor/Utils/logFormat/logFormat.go:11	entity	{"entity": {"code":500,"msg":"傳入JSON錯誤: invalid character ',' looking for beginning of object key string","total":0,"totalPage":0,"data":null}}
gin_server - 2021/01/02 - 14:01:21.852	INFO	d:/golang專案/VueGinRefactor/handler/banner/banner_handler_test.go:351	Test Success: /api/banner/edit (Error Case) 	{"test_result": "success"}
gin_server - 2021/01/02 - 14:01:24.921	DEBUG	d:/golang專案/VueGinRefactor/Utils/logFormat/logFormat.go:11	entity	{"entity": {"code":500,"msg":"Edit Error: please input id","total":0,"totalPage":0,"data":null}}
gin_server - 2021/01/02 - 14:01:24.921	INFO	d:/golang專案/VueGinRefactor/handler/banner/banner_handler_test.go:351	Test Success: /api/banner/edit (Error Case) 	{"test_result": "success"}
gin_server - 2021/01/02 - 14:01:29.458	DEBUG	d:/golang專案/VueGinRefactor/Utils/logFormat/logFormat.go:11	entity	{"entity": {"code":500,"msg":"Edit Error: invalid value","total":0,"totalPage":0,"data":null}}
gin_server - 2021/01/02 - 14:01:29.459	INFO	d:/golang專案/VueGinRefactor/handler/banner/banner_handler_test.go:351	Test Success: /api/banner/edit (Error Case) 	{"test_result": "success"}
gin_server - 2021/01/02 - 14:01:33.728	DEBUG	d:/golang專案/VueGinRefactor/Utils/logFormat/logFormat.go:11	entity	{"entity": {"code":500,"msg":"傳入JSON錯誤: invalid character ',' looking for beginning of object key string","total":0,"totalPage":0,"data":null}}
gin_server - 2021/01/02 - 14:01:33.761	INFO	d:/golang專案/VueGinRefactor/handler/banner/banner_handler_test.go:351	Test Success: /api/banner/edit (Error Case) 	{"test_result": "success"}
gin_server - 2021/01/02 - 14:01:35.569	DEBUG	d:/golang專案/VueGinRefactor/Utils/logFormat/logFormat.go:11	entity	{"entity": {"code":500,"msg":"Edit Error: please input id","total":0,"totalPage":0,"data":null}}
gin_server - 2021/01/02 - 14:01:35.569	INFO	d:/golang專案/VueGinRefactor/handler/banner/banner_handler_test.go:351	Test Success: /api/banner/edit (Error Case) 	{"test_result": "success"}
gin_server - 2021/01/02 - 14:01:55.329	DEBUG	d:/golang專案/VueGinRefactor/Utils/logFormat/logFormat.go:11	entity	{"entity": {"code":500,"msg":"Edit Error: invalid value","total":0,"totalPage":0,"data":null}}
gin_server - 2021/01/02 - 14:01:57.453	INFO	d:/golang專案/VueGinRefactor/handler/banner/banner_handler_test.go:351	Test Success: /api/banner/edit (Error Case) 	{"test_result": "success"}
gin_server - 2021/01/02 - 14:02:18.791	DEBUG	d:/golang專案/VueGinRefactor/Utils/logFormat/logFormat.go:11	entity	{"entity": {"code":200,"msg":"添加成功:&{56838095-2ebc-452e-8075-565a15bc332d inputBanner6 redirectUrlTEST 1 addUser admin}","total":0,"totalPage":0,"data":null}}
gin_server - 2021/01/02 - 14:02:18.791	INFO	d:/golang專案/VueGinRefactor/handler/banner/banner_handler_test.go:82	Test Success: /api/banner/add	{"test_result": "success"}
gin_server - 2021/01/02 - 14:02:18.794	DEBUG	d:/golang專案/VueGinRefactor/Utils/logFormat/logFormat.go:11	entity	{"entity": {"code":500,"msg":"傳入JSON錯誤: invalid character ',' looking for beginning of object key string","total":0,"totalPage":0,"data":null}}
gin_server - 2021/01/02 - 14:02:18.795	DEBUG	d:/golang專案/VueGinRefactor/handler/banner/banner_handler_test.go:132	Test Failed: /api/banner/add	{"test_result": "{\"entity\":{\"code\":500,\"msg\":\"傳入JSON錯誤: invalid character ',' looking for beginning of object key string\",\"total\":0,\"totalPage\":0,\"data\":null}}"}
gin_server - 2021/01/02 - 14:02:18.800	DEBUG	d:/golang專案/VueGinRefactor/Utils/logFormat/logFormat.go:11	entity	{"entity": {"code":500,"msg":"Add Error: add banner failed:Error 1062: Duplicate entry 'banner1' for key 'banner.url'","total":0,"totalPage":0,"data":null}}
gin_server - 2021/01/02 - 14:02:18.800	DEBUG	d:/golang專案/VueGinRefactor/handler/banner/banner_handler_test.go:132	Test Failed: /api/banner/add	{"test_result": "{\"entity\":{\"code\":500,\"msg\":\"Add Error: add banner failed:Error 1062: Duplicate entry 'banner1' for key 'banner.url'\",\"total\":0,\"totalPage\":0,\"data\":null}}"}
gin_server - 2021/01/02 - 14:02:18.803	DEBUG	d:/golang專案/VueGinRefactor/Utils/logFormat/logFormat.go:11	entity	{"entity": {"code":200,"msg":"OK","total":5,"totalPage":3,"data":[{"id":"56838095-2ebc-452e-8075-565a15bc332d","key":"56838095-2ebc-452e-8075-565a15bc332d","bannerId":"56838095-2ebc-452e-8075-565a15bc332d","url":"inputBanner6","redirectUrl":"redirectUrlTEST","order":1},{"id":"7b28a319-8109-4d29-8aac-713d362f4ee7","key":"7b28a319-8109-4d29-8aac-713d362f4ee7","bannerId":"7b28a319-8109-4d29-8aac-713d362f4ee7","url":"banner1","redirectUrl":"www.google.com12","order":1},{"id":"3f4cea6f-4b56-4729-8d71-2b075a1f214e","key":"3f4cea6f-4b56-4729-8d71-2b075a1f214e","bannerId":"3f4cea6f-4b56-4729-8d71-2b075a1f214e","url":"banner2","redirectUrl":"ww.google.com","order":2},{"id":"5cace156-918d-43ce-a8c6-ec536ea6a98c","key":"5cace156-918d-43ce-a8c6-ec536ea6a98c","bannerId":"5cace156-918d-43ce-a8c6-ec536ea6a98c","url":"banner3","redirectUrl":"www.google.com3","order":3},{"id":"c88de249-1155-43e0-8f0d-7c920b908a5c","key":"c88de249-1155-43e0-8f0d-7c920b908a5c","bannerId":"c88de249-1155-43e0-8f0d-7c920b908a5c","url":"banner4","redirectUrl":"www.google.com4","order":4}]}}
gin_server - 2021/01/02 - 14:02:18.803	INFO	d:/golang專案/VueGinRefactor/handler/banner/banner_handler_test.go:167	Test Success: /api/banner/list	{"test_result": "success"}
gin_server - 2021/01/02 - 14:02:18.804	DEBUG	d:/golang專案/VueGinRefactor/Utils/logFormat/logFormat.go:11	entity	{"entity": {"code":200,"msg":"OK","total":5,"totalPage":1,"data":[{"id":"56838095-2ebc-452e-8075-565a15bc332d","key":"56838095-2ebc-452e-8075-565a15bc332d","bannerId":"56838095-2ebc-452e-8075-565a15bc332d","url":"inputBanner6","redirectUrl":"redirectUrlTEST","order":1},{"id":"7b28a319-8109-4d29-8aac-713d362f4ee7","key":"7b28a319-8109-4d29-8aac-713d362f4ee7","bannerId":"7b28a319-8109-4d29-8aac-713d362f4ee7","url":"banner1","redirectUrl":"www.google.com12","order":1},{"id":"3f4cea6f-4b56-4729-8d71-2b075a1f214e","key":"3f4cea6f-4b56-4729-8d71-2b075a1f214e","bannerId":"3f4cea6f-4b56-4729-8d71-2b075a1f214e","url":"banner2","redirectUrl":"ww.google.com","order":2},{"id":"5cace156-918d-43ce-a8c6-ec536ea6a98c","key":"5cace156-918d-43ce-a8c6-ec536ea6a98c","bannerId":"5cace156-918d-43ce-a8c6-ec536ea6a98c","url":"banner3","redirectUrl":"www.google.com3","order":3},{"id":"c88de249-1155-43e0-8f0d-7c920b908a5c","key":"c88de249-1155-43e0-8f0d-7c920b908a5c","bannerId":"c88de249-1155-43e0-8f0d-7c920b908a5c","url":"banner4","redirectUrl":"www.google.com4","order":4}]}}
gin_server - 2021/01/02 - 14:02:18.804	INFO	d:/golang專案/VueGinRefactor/handler/banner/banner_handler_test.go:167	Test Success: /api/banner/list	{"test_result": "success"}
gin_server - 2021/01/02 - 14:02:18.807	DEBUG	d:/golang專案/VueGinRefactor/Utils/logFormat/logFormat.go:11	entity	{"entity": {"code":500,"msg":"傳入query錯誤: strconv.Atoi: parsing \"ffftttt\": invalid syntax","total":0,"totalPage":1,"data":null}}
gin_server - 2021/01/02 - 14:02:18.807	INFO	d:/golang專案/VueGinRefactor/handler/banner/banner_handler_test.go:201	Test Success: /api/banner/list (Error Case)	{"test_result": "success"}
gin_server - 2021/01/02 - 14:02:18.807	DEBUG	d:/golang專案/VueGinRefactor/Utils/logFormat/logFormat.go:11	entity	{"entity": {"code":500,"msg":"傳入query錯誤: strconv.Atoi: parsing \"sss\": invalid syntax","total":0,"totalPage":1,"data":null}}
gin_server - 2021/01/02 - 14:02:18.807	INFO	d:/golang專案/VueGinRefactor/handler/banner/banner_handler_test.go:201	Test Success: /api/banner/list (Error Case)	{"test_result": "success"}
gin_server - 2021/01/02 - 14:02:18.807	DEBUG	d:/golang專案/VueGinRefactor/Utils/logFormat/logFormat.go:11	entity	{"entity": {"code":500,"msg":"傳入query錯誤: strconv.Atoi: parsing \"sss\": invalid syntax","total":0,"totalPage":1,"data":null}}
gin_server - 2021/01/02 - 14:02:18.807	INFO	d:/golang專案/VueGinRefactor/handler/banner/banner_handler_test.go:201	Test Success: /api/banner/list (Error Case)	{"test_result": "success"}
gin_server - 2021/01/02 - 14:02:18.807	DEBUG	d:/golang專案/VueGinRefactor/Utils/logFormat/logFormat.go:11	entity	{"entity": {"code":500,"msg":"傳入query錯誤: strconv.Atoi: parsing \"fhgtrhtrh++23/\": invalid syntax","total":0,"totalPage":1,"data":null}}
gin_server - 2021/01/02 - 14:02:18.807	INFO	d:/golang專案/VueGinRefactor/handler/banner/banner_handler_test.go:201	Test Success: /api/banner/list (Error Case)	{"test_result": "success"}
gin_server - 2021/01/02 - 14:02:18.810	DEBUG	d:/golang專案/VueGinRefactor/Utils/logFormat/logFormat.go:11	entity	{"entity": {"code":200,"msg":"OK，查詢成功","total":0,"totalPage":0,"data":{"id":"56838095-2ebc-452e-8075-565a15bc332d","key":"56838095-2ebc-452e-8075-565a15bc332d","bannerId":"56838095-2ebc-452e-8075-565a15bc332d","url":"inputBanner6","redirectUrl":"redirectUrlTEST","order":1}}}
gin_server - 2021/01/02 - 14:02:18.810	INFO	d:/golang專案/VueGinRefactor/handler/banner/banner_handler_test.go:247	Test Success: /api/banner/info?id= 	{"test_result": "success"}
gin_server - 2021/01/02 - 14:02:18.812	DEBUG	d:/golang專案/VueGinRefactor/Utils/logFormat/logFormat.go:11	entity	{"entity": {"code":500,"msg":"請傳入ID!!!","total":0,"totalPage":1,"data":null}}
gin_server - 2021/01/02 - 14:02:18.812	INFO	d:/golang專案/VueGinRefactor/handler/banner/banner_handler_test.go:284	Test Success: /api/banner/info?id=nil or err => error 	{"test_result": "success"}
gin_server - 2021/01/02 - 14:02:18.812	DEBUG	d:/golang專案/VueGinRefactor/Utils/logFormat/logFormat.go:11	entity	{"entity": {"code":500,"msg":"請傳入ID!!!","total":0,"totalPage":1,"data":null}}
gin_server - 2021/01/02 - 14:02:18.812	INFO	d:/golang專案/VueGinRefactor/handler/banner/banner_handler_test.go:284	Test Success: /api/banner/info?id=nil or err => error 	{"test_result": "success"}
gin_server - 2021/01/02 - 14:02:18.830	DEBUG	d:/golang專案/VueGinRefactor/Utils/logFormat/logFormat.go:11	entity	{"entity": {"code":200,"msg":"修改成功,id:56838095-2ebc-452e-8075-565a15bc332d","total":0,"totalPage":0,"data":null}}
gin_server - 2021/01/02 - 14:02:18.831	INFO	d:/golang專案/VueGinRefactor/handler/banner/banner_handler_test.go:317	Test Success: /api/banner/edit 	{"test_result": "success"}
gin_server - 2021/01/02 - 14:02:18.835	DEBUG	d:/golang專案/VueGinRefactor/Utils/logFormat/logFormat.go:11	entity	{"entity": {"code":500,"msg":"傳入JSON錯誤: invalid character ',' looking for beginning of object key string","total":0,"totalPage":0,"data":null}}
gin_server - 2021/01/02 - 14:02:18.835	INFO	d:/golang專案/VueGinRefactor/handler/banner/banner_handler_test.go:351	Test Success: /api/banner/edit (Error Case) 	{"test_result": "success"}
gin_server - 2021/01/02 - 14:02:18.835	DEBUG	d:/golang專案/VueGinRefactor/Utils/logFormat/logFormat.go:11	entity	{"entity": {"code":500,"msg":"Edit Error: please input id","total":0,"totalPage":0,"data":null}}
gin_server - 2021/01/02 - 14:02:18.835	INFO	d:/golang專案/VueGinRefactor/handler/banner/banner_handler_test.go:351	Test Success: /api/banner/edit (Error Case) 	{"test_result": "success"}
gin_server - 2021/01/02 - 14:02:18.836	DEBUG	d:/golang專案/VueGinRefactor/Utils/logFormat/logFormat.go:11	entity	{"entity": {"code":500,"msg":"Edit Error: invalid value","total":0,"totalPage":0,"data":null}}
gin_server - 2021/01/02 - 14:02:18.836	INFO	d:/golang專案/VueGinRefactor/handler/banner/banner_handler_test.go:351	Test Success: /api/banner/edit (Error Case) 	{"test_result": "success"}
gin_server - 2021/01/02 - 14:02:18.858	DEBUG	d:/golang專案/VueGinRefactor/Utils/logFormat/logFormat.go:11	entity	{"entity": {"code":200,"msg":"Response Ok","total":0,"totalPage":0,"data":null}}
gin_server - 2021/01/02 - 14:02:18.858	INFO	d:/golang專案/VueGinRefactor/handler/banner/banner_handler_test.go:375	Test Success: /api/banner/delete?id= 	{"test_result": "success"}
gin_server - 2021/01/02 - 14:02:18.863	DEBUG	d:/golang專案/VueGinRefactor/Utils/logFormat/logFormat.go:11	entity	{"entity": {"code":500,"msg":"Delete Error: invalid value","total":0,"totalPage":0,"data":null}}
gin_server - 2021/01/02 - 14:02:18.863	DEBUG	d:/golang專案/VueGinRefactor/handler/banner/banner_handler_test.go:412	Test Failed: /api/banner/delete?id= (Error Case)	{"test_result_code": 500}
gin_server - 2021/01/02 - 14:02:18.864	DEBUG	d:/golang專案/VueGinRefactor/Utils/logFormat/logFormat.go:11	entity	{"entity": {"code":500,"msg":"Delete Error: invalid value","total":0,"totalPage":0,"data":null}}
gin_server - 2021/01/02 - 14:02:18.864	DEBUG	d:/golang專案/VueGinRefactor/handler/banner/banner_handler_test.go:412	Test Failed: /api/banner/delete?id= (Error Case)	{"test_result_code": 500}
gin_server - 2021/01/02 - 14:02:18.865	DEBUG	d:/golang專案/VueGinRefactor/Utils/logFormat/logFormat.go:11	entity	{"entity": {"code":500,"msg":"Delete Error: invalid value","total":0,"totalPage":0,"data":null}}
gin_server - 2021/01/02 - 14:02:18.865	DEBUG	d:/golang專案/VueGinRefactor/handler/banner/banner_handler_test.go:412	Test Failed: /api/banner/delete?id= (Error Case)	{"test_result_code": 500}
